TN:
SF:/Users/hishamel-husseini/Documents/projects/raffle-fun-simplified-settlement/packages/contracts/node_modules/@openzeppelin/contracts/interfaces/IERC1363.sol
DA:1,0
end_of_record

SF:/Users/hishamel-husseini/Documents/projects/raffle-fun-simplified-settlement/packages/contracts/node_modules/@openzeppelin/contracts/interfaces/IERC165.sol
end_of_record

SF:/Users/hishamel-husseini/Documents/projects/raffle-fun-simplified-settlement/packages/contracts/node_modules/@openzeppelin/contracts/interfaces/IERC20.sol
end_of_record

SF:/Users/hishamel-husseini/Documents/projects/raffle-fun-simplified-settlement/packages/contracts/node_modules/@openzeppelin/contracts/interfaces/draft-IERC6093.sol
end_of_record

SF:/Users/hishamel-husseini/Documents/projects/raffle-fun-simplified-settlement/packages/contracts/node_modules/@openzeppelin/contracts/token/ERC20/ERC20.sol
DA:44,34
DA:45,10
DA:46,8
DA:52,8
DA:53,0
DA:60,0
DA:61,0
DA:82,4
DA:83,0
DA:87,10
DA:88,13
DA:99,12
DA:101,5
DA:106,0
DA:107,25
DA:120,22
DA:122,6
DA:123,4
DA:142,14
DA:144,6
DA:145,7
DA:146,2
DA:159,1
DA:160,5
DA:161,0
DA:163,5
DA:164,0
DA:166,6
DA:176,5
DA:177,9
DA:179,15
DA:181,14
DA:182,7
DA:183,0
DA:187,19
DA:191,6
DA:194,0
DA:199,19
DA:203,18
DA:214,1
DA:215,5
DA:216,0
DA:218,6
DA:251,5
DA:252,8
DA:273,6
DA:274,5
DA:275,0
DA:277,5
DA:278,0
DA:280,28
DA:281,4
DA:282,18
DA:294,6
DA:295,1
DA:296,5
DA:297,0
DA:298,0
DA:301,1
end_of_record

SF:/Users/hishamel-husseini/Documents/projects/raffle-fun-simplified-settlement/packages/contracts/node_modules/@openzeppelin/contracts/token/ERC20/IERC20.sol
end_of_record

SF:/Users/hishamel-husseini/Documents/projects/raffle-fun-simplified-settlement/packages/contracts/node_modules/@openzeppelin/contracts/token/ERC20/extensions/IERC20Metadata.sol
end_of_record

SF:/Users/hishamel-husseini/Documents/projects/raffle-fun-simplified-settlement/packages/contracts/node_modules/@openzeppelin/contracts/token/ERC20/utils/SafeERC20.sol
DA:18,0
DA:33,1
DA:34,10
DA:35,0
DA:43,1
DA:44,11
DA:45,0
DA:176,9
DA:177,1
DA:180,2
DA:181,3
DA:182,4
DA:183,4
DA:184,7
DA:187,9
DA:189,0
DA:190,0
DA:191,0
DA:196,0
DA:198,2
DA:212,4
DA:218,5
DA:219,1
DA:222,2
DA:223,3
DA:224,5
DA:225,4
DA:226,4
DA:227,7
DA:230,9
DA:232,0
DA:233,0
DA:234,0
DA:239,0
DA:241,2
DA:242,3
end_of_record

SF:/Users/hishamel-husseini/Documents/projects/raffle-fun-simplified-settlement/packages/contracts/node_modules/@openzeppelin/contracts/token/ERC721/ERC721.sol
DA:39,34
DA:40,10
DA:41,8
DA:45,13
DA:46,1
DA:47,0
DA:48,0
DA:49,1
DA:53,19
DA:54,5
DA:55,0
DA:57,13
DA:61,18
DA:62,4
DA:66,0
DA:67,0
DA:71,0
DA:72,0
DA:76,2
DA:77,0
DA:79,0
DA:80,2
DA:88,0
DA:89,0
DA:93,5
DA:94,1
DA:98,4
DA:99,0
DA:101,0
DA:105,0
DA:106,0
DA:110,0
DA:111,0
DA:115,6
DA:116,5
DA:117,0
DA:121,9
DA:122,8
DA:123,0
DA:128,15
DA:129,19
DA:133,1
DA:134,7
DA:135,7
DA:147,26
DA:153,0
DA:154,0
DA:164,4
DA:165,1
DA:166,9
DA:167,13
DA:179,1
DA:180,9
DA:181,0
DA:182,0
DA:184,0
DA:216,4
DA:220,5
DA:221,1
DA:225,6
DA:227,8
DA:230,17
DA:234,6
DA:236,18
DA:240,25
DA:242,9
DA:244,1
DA:259,1
DA:260,5
DA:261,0
DA:263,9
DA:264,5
DA:265,0
DA:279,1
DA:280,17
DA:287,1
DA:288,6
DA:289,7
DA:303,1
DA:304,9
DA:305,4
DA:306,0
DA:375,0
DA:376,0
DA:383,2
DA:385,13
DA:386,0
DA:389,0
DA:390,0
DA:393,0
DA:394,0
DA:398,23
DA:409,0
DA:410,0
DA:411,0
DA:413,0
DA:414,0
DA:416,0
DA:417,0
DA:426,2
DA:428,2
DA:429,8
end_of_record

SF:/Users/hishamel-husseini/Documents/projects/raffle-fun-simplified-settlement/packages/contracts/node_modules/@openzeppelin/contracts/token/ERC721/IERC721.sol
end_of_record

SF:/Users/hishamel-husseini/Documents/projects/raffle-fun-simplified-settlement/packages/contracts/node_modules/@openzeppelin/contracts/token/ERC721/IERC721Receiver.sol
end_of_record

SF:/Users/hishamel-husseini/Documents/projects/raffle-fun-simplified-settlement/packages/contracts/node_modules/@openzeppelin/contracts/token/ERC721/extensions/IERC721Metadata.sol
end_of_record

SF:/Users/hishamel-husseini/Documents/projects/raffle-fun-simplified-settlement/packages/contracts/node_modules/@openzeppelin/contracts/token/ERC721/utils/ERC721Utils.sol
DA:16,0
DA:25,7
DA:32,6
DA:33,72
DA:34,6
DA:36,0
DA:39,0
DA:41,0
DA:44,0
end_of_record

SF:/Users/hishamel-husseini/Documents/projects/raffle-fun-simplified-settlement/packages/contracts/node_modules/@openzeppelin/contracts/utils/Bytes.sol
DA:11,0
end_of_record

SF:/Users/hishamel-husseini/Documents/projects/raffle-fun-simplified-settlement/packages/contracts/node_modules/@openzeppelin/contracts/utils/Context.sol
DA:18,1
end_of_record

SF:/Users/hishamel-husseini/Documents/projects/raffle-fun-simplified-settlement/packages/contracts/node_modules/@openzeppelin/contracts/utils/Panic.sol
DA:26,0
DA:32,0
DA:50,0
DA:52,0
DA:53,0
DA:54,0
end_of_record

SF:/Users/hishamel-husseini/Documents/projects/raffle-fun-simplified-settlement/packages/contracts/node_modules/@openzeppelin/contracts/utils/ReentrancyGuard.sol
DA:37,2
DA:50,8
DA:51,2
DA:59,11
DA:70,32
DA:72,12
DA:88,1
DA:89,5
DA:90,0
DA:94,9
DA:96,4
DA:99,8
DA:112,3
DA:113,5
DA:116,2
end_of_record

SF:/Users/hishamel-husseini/Documents/projects/raffle-fun-simplified-settlement/packages/contracts/node_modules/@openzeppelin/contracts/utils/StorageSlot.sol
DA:34,0
DA:93,1
DA:95,1
end_of_record

SF:/Users/hishamel-husseini/Documents/projects/raffle-fun-simplified-settlement/packages/contracts/node_modules/@openzeppelin/contracts/utils/Strings.sol
DA:14,0
DA:42,0
DA:44,0
DA:45,0
DA:48,0
DA:50,0
DA:51,0
DA:53,0
DA:55,0
DA:56,0
DA:58,0
end_of_record

SF:/Users/hishamel-husseini/Documents/projects/raffle-fun-simplified-settlement/packages/contracts/node_modules/@openzeppelin/contracts/utils/introspection/ERC165.sol
DA:23,0
end_of_record

SF:/Users/hishamel-husseini/Documents/projects/raffle-fun-simplified-settlement/packages/contracts/node_modules/@openzeppelin/contracts/utils/introspection/IERC165.sol
end_of_record

SF:/Users/hishamel-husseini/Documents/projects/raffle-fun-simplified-settlement/packages/contracts/node_modules/@openzeppelin/contracts/utils/math/Math.sol
DA:12,0
DA:37,5
DA:42,3
DA:43,4
DA:44,12
DA:148,0
DA:206,2
DA:208,12
DA:211,5
DA:215,13
DA:219,0
DA:220,0
DA:228,0
DA:231,0
DA:234,0
DA:235,0
DA:241,0
DA:244,0
DA:247,0
DA:250,0
DA:254,0
DA:259,0
DA:263,0
DA:264,0
DA:265,0
DA:266,0
DA:267,0
DA:268,0
DA:274,0
DA:675,0
DA:678,0
DA:679,0
DA:680,0
DA:682,0
DA:683,0
DA:684,0
DA:686,0
DA:687,0
DA:688,0
DA:690,0
DA:691,0
DA:692,0
DA:694,0
DA:695,0
DA:696,0
DA:698,0
DA:699,0
DA:700,0
DA:702,0
DA:703,0
DA:706,0
end_of_record

SF:/Users/hishamel-husseini/Documents/projects/raffle-fun-simplified-settlement/packages/contracts/node_modules/@openzeppelin/contracts/utils/math/SafeCast.sol
DA:19,0
end_of_record

SF:/Users/hishamel-husseini/Documents/projects/raffle-fun-simplified-settlement/packages/contracts/node_modules/@openzeppelin/contracts/utils/math/SignedMath.sol
DA:11,0
end_of_record

SF:/Users/hishamel-husseini/Documents/projects/raffle-fun-simplified-settlement/packages/contracts/node_modules/@pythnetwork/entropy-sdk-solidity/EntropyEvents.sol
end_of_record

SF:/Users/hishamel-husseini/Documents/projects/raffle-fun-simplified-settlement/packages/contracts/node_modules/@pythnetwork/entropy-sdk-solidity/EntropyEventsV2.sol
end_of_record

SF:/Users/hishamel-husseini/Documents/projects/raffle-fun-simplified-settlement/packages/contracts/node_modules/@pythnetwork/entropy-sdk-solidity/EntropyStructs.sol
DA:10,0
end_of_record

SF:/Users/hishamel-husseini/Documents/projects/raffle-fun-simplified-settlement/packages/contracts/node_modules/@pythnetwork/entropy-sdk-solidity/EntropyStructsV2.sol
DA:5,0
end_of_record

SF:/Users/hishamel-husseini/Documents/projects/raffle-fun-simplified-settlement/packages/contracts/node_modules/@pythnetwork/entropy-sdk-solidity/IEntropyConsumer.sol
DA:8,21
DA:12,1
DA:14,5
DA:15,7
DA:17,7
end_of_record

SF:/Users/hishamel-husseini/Documents/projects/raffle-fun-simplified-settlement/packages/contracts/node_modules/@pythnetwork/entropy-sdk-solidity/IEntropyV2.sol
end_of_record

SF:/Users/hishamel-husseini/Documents/projects/raffle-fun-simplified-settlement/packages/contracts/src/Raffle.sol
DA:28,618
DA:31,0
DA:32,0
DA:33,0
DA:34,0
DA:35,0
DA:36,0
DA:37,0
DA:38,4
DA:39,0
DA:40,0
DA:41,0
DA:42,12
DA:43,12
DA:44,0
DA:46,13
DA:47,0
DA:48,0
DA:49,0
DA:50,0
DA:51,0
DA:52,15
DA:53,0
DA:54,13
DA:55,23
DA:56,18
DA:57,0
DA:58,27
DA:71,27
DA:72,8
DA:73,24
DA:74,6
DA:75,4
DA:76,26
DA:77,11
DA:78,14
DA:79,0
DA:81,14
DA:82,0
DA:85,9
DA:86,10
DA:87,10
DA:88,10
DA:89,10
DA:90,10
DA:91,11
DA:92,8
DA:93,8
DA:94,8
DA:95,8
DA:96,6
DA:97,6
DA:98,7
DA:99,11
DA:100,6
DA:104,28
DA:108,2
DA:109,4
DA:110,5
DA:111,7
DA:112,6
DA:113,5
DA:114,13
DA:115,0
DA:117,11
DA:119,9
DA:120,60
DA:121,9
DA:122,61
DA:123,16
DA:124,6
DA:126,19
DA:127,15
DA:128,10
DA:129,10
DA:130,4
DA:132,13
DA:133,11
DA:136,17
DA:140,13
DA:141,5
DA:142,6
DA:143,17
DA:145,8
DA:146,10
DA:150,5
DA:151,62
DA:155,13
DA:156,5
DA:157,7
DA:158,7
DA:160,7
DA:161,6
DA:163,7
DA:164,7
DA:166,12
DA:167,3
DA:168,9
DA:169,62
DA:170,11
DA:171,6
DA:173,7
DA:174,5
DA:175,0
DA:176,0
DA:179,24
DA:183,15
DA:184,2
DA:187,18
DA:188,7
DA:189,6
DA:190,16
DA:191,3
DA:192,3
DA:194,0
DA:197,7
DA:199,4
DA:200,3
DA:201,4
DA:202,8
DA:203,17
DA:207,21
DA:208,4
DA:209,31
DA:210,5
DA:212,4
DA:213,5
DA:214,7
DA:216,5
DA:217,13
DA:218,0
DA:219,0
DA:221,4
DA:222,4
DA:223,10
DA:226,24
DA:230,23
DA:234,1
DA:235,1
DA:236,5
DA:237,5
DA:238,1
DA:239,13
DA:240,0
DA:243,13
DA:244,18
DA:245,7
DA:246,7
DA:247,5
DA:250,8
DA:251,15
DA:252,7
DA:253,19
DA:257,0
DA:261,0
DA:262,0
DA:263,0
DA:264,0
DA:265,0
DA:266,0
DA:267,0
DA:268,0
DA:269,0
DA:270,0
DA:271,0
DA:273,0
DA:278,18
DA:279,5
DA:283,22
DA:284,8
DA:288,2
DA:289,0
DA:290,0
DA:292,0
DA:293,0
DA:294,0
DA:296,0
DA:297,0
DA:299,0
DA:300,0
DA:301,0
DA:305,13
DA:306,4
DA:310,16
DA:311,17
DA:315,0
DA:316,0
DA:317,0
DA:321,0
DA:322,0
DA:328,0
DA:329,0
DA:330,0
DA:339,4
DA:340,0
DA:341,1
DA:349,23
DA:352,2
DA:354,4
DA:355,41
DA:356,12
DA:358,8
DA:361,8
DA:362,12
DA:363,1
DA:368,0
DA:375,11
DA:376,40
DA:377,0
DA:381,18
DA:382,4
DA:383,6
DA:384,8
DA:385,2
DA:388,4
DA:389,4
DA:390,6
DA:392,8
DA:393,0
DA:394,0
DA:396,8
DA:397,7
DA:398,4
DA:399,7
DA:401,6
DA:403,29
DA:408,1
DA:412,2
DA:413,6
DA:414,31
DA:415,15
DA:419,7
DA:420,5
DA:421,14
DA:422,6
DA:424,16
DA:425,15
DA:426,7
DA:427,18
DA:434,10
DA:435,7
DA:436,61
DA:437,59
DA:438,8
DA:439,61
DA:440,59
DA:442,1
DA:443,6
DA:444,8
DA:446,3
DA:447,13
DA:448,17
DA:449,0
DA:454,1
DA:455,22
DA:459,6
DA:462,1
DA:464,33
DA:465,24
DA:466,16
DA:467,0
DA:472,0
DA:473,0
DA:474,0
DA:475,0
DA:476,0
end_of_record

SF:/Users/hishamel-husseini/Documents/projects/raffle-fun-simplified-settlement/packages/contracts/src/interfaces/IRaffle.sol
end_of_record

SF:/Users/hishamel-husseini/Documents/projects/raffle-fun-simplified-settlement/packages/contracts/src/interfaces/IRaffleFactory.sol
end_of_record

SF:/Users/hishamel-husseini/Documents/projects/raffle-fun-simplified-settlement/packages/contracts/src/libraries/RaffleConstants.sol
DA:12,0
DA:14,2
DA:17,1
DA:20,1
DA:23,1
DA:26,1
DA:35,1
DA:38,1
end_of_record

SF:/Users/hishamel-husseini/Documents/projects/raffle-fun-simplified-settlement/packages/contracts/src/mocks/MockERC20.sol
DA:8,89
DA:10,7
DA:14,0
DA:15,0
DA:21,16
DA:22,6
end_of_record

SF:/Users/hishamel-husseini/Documents/projects/raffle-fun-simplified-settlement/packages/contracts/src/mocks/MockERC721.sol
DA:8,62
DA:10,7
DA:15,11
DA:16,5
end_of_record

SF:/Users/hishamel-husseini/Documents/projects/raffle-fun-simplified-settlement/packages/contracts/src/mocks/MockEntropyV2.sol
DA:8,71
DA:27,8
DA:29,0
DA:31,0
DA:33,0
DA:35,0
DA:37,0
DA:41,15
DA:42,15
DA:46,0
DA:47,0
DA:52,24
DA:53,8
DA:54,4
DA:60,27
DA:61,9
DA:62,41
DA:63,24
DA:64,20
DA:65,11
DA:71,22
DA:72,7
DA:79,7
DA:80,17
DA:81,3
DA:82,4
DA:83,67
DA:84,1
DA:86,9
DA:87,20
end_of_record

SF:/Users/hishamel-husseini/Documents/projects/raffle-fun-simplified-settlement/packages/contracts/test/echidna/RaffleEchidna.sol
DA:13,532
DA:14,2
DA:15,2
DA:16,3
DA:18,5
DA:19,5
DA:20,5
DA:21,9
DA:23,10
DA:24,6
DA:25,13
DA:28,25
DA:29,25
DA:30,27
DA:31,36
DA:32,47
DA:33,35
DA:34,92
DA:35,1
DA:36,1
DA:39,2
DA:40,2
DA:41,2
DA:42,1
DA:43,1
DA:45,1
DA:46,1
DA:47,8
DA:48,1
DA:52,47
DA:53,50
DA:54,62
DA:55,68
DA:58,17
DA:59,4
DA:60,143
DA:61,122
DA:63,66
DA:64,17
DA:65,7
DA:66,63
DA:67,4
DA:70,7
DA:71,4
DA:72,142
DA:73,121
DA:75,62
DA:76,4
DA:79,13
DA:80,70
DA:81,108
DA:82,3
DA:85,6
DA:86,60
DA:87,85
DA:88,61
DA:89,6
DA:90,77
DA:91,6
DA:92,48
DA:93,3
DA:96,13
DA:97,134
DA:98,61
DA:99,14
DA:100,14
DA:101,29
DA:102,58
DA:103,6
DA:104,29
DA:105,20
DA:106,68
DA:107,15
DA:109,5
DA:113,3
DA:116,9
DA:117,60
DA:118,32
DA:119,61
DA:120,59
DA:121,7
DA:122,60
DA:123,15
DA:126,4
DA:129,6
DA:130,61
DA:131,7
DA:132,15
DA:138,6
DA:139,60
DA:140,7
DA:141,60
DA:142,15
DA:144,3
DA:147,9
DA:148,135
DA:149,47
DA:151,61
DA:152,2
DA:153,63
DA:155,28
DA:156,10
DA:161,4
DA:164,0
DA:165,0
DA:168,0
DA:169,0
DA:172,0
DA:173,0
DA:174,0
DA:175,0
DA:178,0
DA:179,0
DA:182,0
DA:183,0
DA:184,0
DA:185,0
DA:188,0
DA:189,0
DA:190,0
DA:193,28
DA:194,1
DA:197,2
DA:198,68
DA:199,8
DA:200,9
end_of_record
